<?xml version="1.0" encoding="UTF-8"?>
<testsuite xmlns:xsi="http://www.w3.org/2001/XMLSchema-instance" xsi:noNamespaceSchemaLocation="https://maven.apache.org/surefire/maven-surefire-plugin/xsd/surefire-test-report-3.0.xsd" version="3.0" name="TestSuite" time="80.777" tests="5" errors="0" skipped="0" failures="0">
  <properties>
[...]
</properties>
  <testcase name="runScenario[&quot;User initiates the career website and the website loads successfully&quot;, &quot;Careers - Job Search Functionality&quot;](1)" classname="runners.SanityTestRunner" time="11.801">
    <system-out><![CDATA[
@Smoke @Sanity @Regression
Scenario: User initiates the career website and the website loads successfully # src/test/resources/features/jobSearch.feature:5
>>> [HOOK] Initializing Driver
Setup called for thread: 1
Launching browser on thread: Thread[#1,main,5,main]
Accept button clicked.
  Given The user initiates the career website                                  # stepdefinitions.jobSearchSteps.launchCareersWebsite()
  Then Verify that the website loaded successfully                             # stepdefinitions.jobSearchSteps.validatePageIsDisplayed()
]]></system-out>
    <system-err><![CDATA[SLF4J: Failed to load class "org.slf4j.impl.StaticLoggerBinder".
SLF4J: Defaulting to no-operation (NOP) logger implementation
SLF4J: See http://www.slf4j.org/codes.html#StaticLoggerBinder for further details.
May 19, 2025 4:31:19 PM org.openqa.selenium.devtools.CdpVersionFinder findNearestMatch
WARNING: Unable to find CDP implementation matching 136
May 19, 2025 4:31:19 PM org.openqa.selenium.chromium.ChromiumDriver lambda$new$5
WARNING: Unable to find version of CDP to use for 136.0.7103.114. You may need to include a dependency on a specific version of the CDP using something similar to `org.seleniumhq.selenium:selenium-devtools-v86:4.19.1` where the version ("v86") matches the version of the chromium-based browser you're using and the version number of the artifact is the same as Selenium's.
]]></system-err>
  </testcase>
  <testcase name="runScenario[&quot;Search for a job using single dropdown&quot;, &quot;Careers - Job Search Functionality&quot;](2)" classname="runners.SanityTestRunner" time="16.466">
    <system-out><![CDATA[
@Sanity @Regression
Scenario: Search for a job using single dropdown               # src/test/resources/features/jobSearch.feature:16
>>> [HOOK] Initializing Driver
Setup called for thread: 1
Launching browser on thread: Thread[#1,main,5,main]
Accept button clicked.
  Given The user initiates the career website                  # stepdefinitions.jobSearchSteps.launchCareersWebsite()
Search Roles – Deutsche Bank Careers
radio button clicked successfully
  When The User navigates to Search Roles                      # stepdefinitions.jobSearchSteps.navigateToSeachRole()
Bangalore clicked successfully
  And The user searches the job with single dropdown           # stepdefinitions.jobSearchSteps.searchTheJobWithSingleDropDown()
TD Shared Services – Programme Coordinator
Location: Bangalore
  Then The results should contain the city keyword "Bangalore" # stepdefinitions.jobSearchSteps.verifyResultsForSingleDropdownFilter(java.lang.String)
]]></system-out>
    <system-err><![CDATA[May 19, 2025 4:31:30 PM org.openqa.selenium.devtools.CdpVersionFinder findNearestMatch
WARNING: Unable to find CDP implementation matching 136
May 19, 2025 4:31:30 PM org.openqa.selenium.chromium.ChromiumDriver lambda$new$5
WARNING: Unable to find version of CDP to use for 136.0.7103.114. You may need to include a dependency on a specific version of the CDP using something similar to `org.seleniumhq.selenium:selenium-devtools-v86:4.19.1` where the version ("v86") matches the version of the chromium-based browser you're using and the version number of the artifact is the same as Selenium's.
]]></system-err>
  </testcase>
  <testcase name="runScenario[&quot;Search for a job using a valid keywords&quot;, &quot;Careers - Job Search Functionality&quot;](3)" classname="runners.SanityTestRunner" time="16.488">
    <system-out><![CDATA[
@Smoke @Sanity @Regression
Scenario: Search for a job using a valid keywords                                                          # src/test/resources/features/jobSearch.feature:30
>>> [HOOK] Initializing Driver
Setup called for thread: 1
Launching browser on thread: Thread[#1,main,5,main]
Accept button clicked.
  Given The user initiates the career website                                                              # stepdefinitions.jobSearchSteps.launchCareersWebsite()
  When The user navigates to Search the role with keyword search                                           # stepdefinitions.jobSearchSteps.KeywordSearch()
  And The user searches the job by passing valid keywords "Full stack engineer" to Keyword field           # stepdefinitions.jobSearchSteps.searchJobWithKeywordSearch(java.lang.String)
senior full stack engineer
senior full stack engineer
full stack engineer - vice president
senior full stack engineer, avp
full stack engineer - vice president
senior full stack engineer, avp
senior full stack engineer - vice president
full stack engineer - assistant vice president
full stack engineer - assistant vice president
senior full stack engineer (devops primary)
  Then The results should contain the keyword that have been passed in Keyword field "Full stack engineer" # stepdefinitions.jobSearchSteps.verifyResults(java.lang.String)
]]></system-out>
    <system-err><![CDATA[May 19, 2025 4:31:46 PM org.openqa.selenium.devtools.CdpVersionFinder findNearestMatch
WARNING: Unable to find CDP implementation matching 136
May 19, 2025 4:31:46 PM org.openqa.selenium.chromium.ChromiumDriver lambda$new$5
WARNING: Unable to find version of CDP to use for 136.0.7103.114. You may need to include a dependency on a specific version of the CDP using something similar to `org.seleniumhq.selenium:selenium-devtools-v86:4.19.1` where the version ("v86") matches the version of the chromium-based browser you're using and the version number of the artifact is the same as Selenium's.
]]></system-err>
  </testcase>
  <testcase name="runScenario[&quot;Search by Valid Job ID&quot;, &quot;Careers - Job Search Functionality&quot;](4)" classname="runners.SanityTestRunner" time="17.584">
    <system-out><![CDATA[
@Smoke @Sanity @Regression
Scenario: Search by Valid Job ID                                                               # src/test/resources/features/jobSearch.feature:37
>>> [HOOK] Initializing Driver
Setup called for thread: 1
Launching browser on thread: Thread[#1,main,5,main]
Accept button clicked.
  Given The user initiates the career website                                                  # stepdefinitions.jobSearchSteps.launchCareersWebsite()
  When The user navigates to Search the role with keyword search                               # stepdefinitions.jobSearchSteps.KeywordSearch()
  And The user searches the job by passing Job ID "R0381475" to Keyword field                  # stepdefinitions.jobSearchSteps.searchByValidJobID(java.lang.String)
  Then The results should contain the Job ID that have been passed in Keyword field "R0381475" # stepdefinitions.jobSearchSteps.validatejobId(java.lang.String)
]]></system-out>
    <system-err><![CDATA[May 19, 2025 4:32:03 PM org.openqa.selenium.devtools.CdpVersionFinder findNearestMatch
WARNING: Unable to find CDP implementation matching 136
May 19, 2025 4:32:03 PM org.openqa.selenium.chromium.ChromiumDriver lambda$new$5
WARNING: Unable to find version of CDP to use for 136.0.7103.114. You may need to include a dependency on a specific version of the CDP using something similar to `org.seleniumhq.selenium:selenium-devtools-v86:4.19.1` where the version ("v86") matches the version of the chromium-based browser you're using and the version number of the artifact is the same as Selenium's.
]]></system-err>
  </testcase>
  <testcase name="runScenario[&quot;Click on a job result&quot;, &quot;Careers - Job Search Functionality&quot;](5)" classname="runners.SanityTestRunner" time="17.663">
    <system-out><![CDATA[
@Sanity @Regression
Scenario: Click on a job result                                                            # src/test/resources/features/jobSearch.feature:44
>>> [HOOK] Initializing Driver
Setup called for thread: 1
Launching browser on thread: Thread[#1,main,5,main]
Accept button clicked.
  Given The user initiates the career website                                              # stepdefinitions.jobSearchSteps.launchCareersWebsite()
  When The user navigates to Search the role with keyword search                           # stepdefinitions.jobSearchSteps.KeywordSearch()
  And The user searches the job by passing Job ID "R0381475" to Keyword field              # stepdefinitions.jobSearchSteps.searchByValidJobID(java.lang.String)
https://careers.db.com/professionals/search-roles/#/professional/job/61912
  Then Validate when clicked on job link, the user should be navigated to job details page # stepdefinitions.jobSearchSteps.validatejobLink()
]]></system-out>
    <system-err><![CDATA[May 19, 2025 4:32:21 PM org.openqa.selenium.devtools.CdpVersionFinder findNearestMatch
WARNING: Unable to find CDP implementation matching 136
May 19, 2025 4:32:21 PM org.openqa.selenium.chromium.ChromiumDriver lambda$new$5
WARNING: Unable to find version of CDP to use for 136.0.7103.114. You may need to include a dependency on a specific version of the CDP using something similar to `org.seleniumhq.selenium:selenium-devtools-v86:4.19.1` where the version ("v86") matches the version of the chromium-based browser you're using and the version number of the artifact is the same as Selenium's.
]]></system-err>
  </testcase>
</testsuite>