<?xml version="1.0" encoding="UTF-8"?>
<testng-results ignored="0" total="5" passed="5" failed="0" skipped="0">
  <reporter-output>
  </reporter-output>
  <suite started-at="2025-05-19T16:31:15 IST" name="Smoke Test Suite" finished-at="2025-05-19T16:32:35 IST" duration-ms="80449">
    <groups>
      <group name="cucumber">
        <method signature="AbstractTestNGCucumberTests.runScenario(io.cucumber.testng.PickleWrapper,io.cucumber.testng.FeatureWrapper)[pri:0, instance:runners.SanityTestRunner@79e2c065]" name="runScenario" class="io.cucumber.testng.AbstractTestNGCucumberTests"/>
      </group> <!-- cucumber -->
    </groups>
    <test started-at="2025-05-19T16:31:15 IST" name="Smoke Tests" finished-at="2025-05-19T16:32:35 IST" duration-ms="80449">
      <class name="runners.SanityTestRunner">
        <test-method is-config="true" signature="setUpClass(org.testng.ITestContext)[pri:0, instance:runners.SanityTestRunner@79e2c065]" started-at="2025-05-19T16:31:15 IST" name="setUpClass" finished-at="2025-05-19T16:31:15 IST" duration-ms="383" status="PASS">
          <params>
            <param index="0">
              <value>
                <![CDATA[org.testng.TestRunner@6bcae9]]>
              </value>
            </param>
          </params>
          <reporter-output>
          </reporter-output>
        </test-method> <!-- setUpClass -->
        <test-method signature="runScenario(io.cucumber.testng.PickleWrapper,io.cucumber.testng.FeatureWrapper)[pri:0, instance:runners.SanityTestRunner@79e2c065]" started-at="2025-05-19T16:31:15 IST" name="runScenario" description="Runs Cucumber Scenarios" data-provider="scenarios" finished-at="2025-05-19T16:31:27 IST" duration-ms="11801" status="PASS">
          <params>
            <param index="0">
              <value>
                <![CDATA["User initiates the career website and the website loads successfully"]]>
              </value>
            </param>
            <param index="1">
              <value>
                <![CDATA["Careers - Job Search Functionality"]]>
              </value>
            </param>
          </params>
          <reporter-output>
          </reporter-output>
        </test-method> <!-- runScenario -->
        <test-method signature="runScenario(io.cucumber.testng.PickleWrapper,io.cucumber.testng.FeatureWrapper)[pri:0, instance:runners.SanityTestRunner@79e2c065]" started-at="2025-05-19T16:31:27 IST" name="runScenario" description="Runs Cucumber Scenarios" data-provider="scenarios" finished-at="2025-05-19T16:31:43 IST" duration-ms="16466" status="PASS">
          <params>
            <param index="0">
              <value>
                <![CDATA["Search for a job using single dropdown"]]>
              </value>
            </param>
            <param index="1">
              <value>
                <![CDATA["Careers - Job Search Functionality"]]>
              </value>
            </param>
          </params>
          <reporter-output>
          </reporter-output>
        </test-method> <!-- runScenario -->
        <test-method signature="runScenario(io.cucumber.testng.PickleWrapper,io.cucumber.testng.FeatureWrapper)[pri:0, instance:runners.SanityTestRunner@79e2c065]" started-at="2025-05-19T16:31:43 IST" name="runScenario" description="Runs Cucumber Scenarios" data-provider="scenarios" finished-at="2025-05-19T16:32:00 IST" duration-ms="16488" status="PASS">
          <params>
            <param index="0">
              <value>
                <![CDATA["Search for a job using a valid keywords"]]>
              </value>
            </param>
            <param index="1">
              <value>
                <![CDATA["Careers - Job Search Functionality"]]>
              </value>
            </param>
          </params>
          <reporter-output>
          </reporter-output>
        </test-method> <!-- runScenario -->
        <test-method signature="runScenario(io.cucumber.testng.PickleWrapper,io.cucumber.testng.FeatureWrapper)[pri:0, instance:runners.SanityTestRunner@79e2c065]" started-at="2025-05-19T16:32:00 IST" name="runScenario" description="Runs Cucumber Scenarios" data-provider="scenarios" finished-at="2025-05-19T16:32:17 IST" duration-ms="17583" status="PASS">
          <params>
            <param index="0">
              <value>
                <![CDATA["Search by Valid Job ID"]]>
              </value>
            </param>
            <param index="1">
              <value>
                <![CDATA["Careers - Job Search Functionality"]]>
              </value>
            </param>
          </params>
          <reporter-output>
          </reporter-output>
        </test-method> <!-- runScenario -->
        <test-method signature="runScenario(io.cucumber.testng.PickleWrapper,io.cucumber.testng.FeatureWrapper)[pri:0, instance:runners.SanityTestRunner@79e2c065]" started-at="2025-05-19T16:32:17 IST" name="runScenario" description="Runs Cucumber Scenarios" data-provider="scenarios" finished-at="2025-05-19T16:32:35 IST" duration-ms="17662" status="PASS">
          <params>
            <param index="0">
              <value>
                <![CDATA["Click on a job result"]]>
              </value>
            </param>
            <param index="1">
              <value>
                <![CDATA["Careers - Job Search Functionality"]]>
              </value>
            </param>
          </params>
          <reporter-output>
          </reporter-output>
        </test-method> <!-- runScenario -->
        <test-method is-config="true" signature="tearDownClass()[pri:0, instance:runners.SanityTestRunner@79e2c065]" started-at="2025-05-19T16:32:35 IST" name="tearDownClass" finished-at="2025-05-19T16:32:35 IST" duration-ms="39" status="PASS">
          <reporter-output>
          </reporter-output>
        </test-method> <!-- tearDownClass -->
      </class> <!-- runners.SanityTestRunner -->
    </test> <!-- Smoke Tests -->
  </suite> <!-- Smoke Test Suite -->
</testng-results>
